2024-07-24 17:34 b.ordersystem.OrdersystemApplication-Starting OrdersystemApplication using Java 11.0.22 on DESKTOP-2NA2JSQ with PID 15688 (C:\Users\Playtdata\Desktop\Yeji\ordersystem\out\production\classes started by Playtdata in C:\Users\Playtdata\Desktop\Yeji\ordersystem)
2024-07-24 17:34 b.ordersystem.OrdersystemApplication-The following 1 profile is active: "local"
2024-07-24 17:34 o.s.d.r.c.RepositoryConfigurationDelegate-Multiple Spring Data modules found, entering strict repository configuration mode
2024-07-24 17:34 o.s.d.r.c.RepositoryConfigurationDelegate-Bootstrapping Spring Data JPA repositories in DEFAULT mode.
2024-07-24 17:34 o.s.d.r.c.RepositoryConfigurationDelegate-Finished Spring Data repository scanning in 21 ms. Found 0 JPA repository interfaces.
2024-07-24 17:34 o.s.d.r.c.RepositoryConfigurationDelegate-Multiple Spring Data modules found, entering strict repository configuration mode
2024-07-24 17:34 o.s.d.r.c.RepositoryConfigurationDelegate-Bootstrapping Spring Data Redis repositories in DEFAULT mode.
2024-07-24 17:34 o.s.d.r.c.RepositoryConfigurationDelegate-Finished Spring Data repository scanning in 2 ms. Found 0 Redis repository interfaces.
2024-07-24 17:34 o.s.b.w.e.tomcat.TomcatWebServer-Tomcat initialized with port(s): 8080 (http)
2024-07-24 17:34 o.a.coyote.http11.Http11NioProtocol-Initializing ProtocolHandler ["http-nio-8080"]
2024-07-24 17:34 o.a.catalina.core.StandardService-Starting service [Tomcat]
2024-07-24 17:34 o.a.catalina.core.StandardEngine-Starting Servlet engine: [Apache Tomcat/9.0.74]
2024-07-24 17:34 o.a.c.c.C.[Tomcat].[localhost].[/]-Initializing Spring embedded WebApplicationContext
2024-07-24 17:34 o.s.b.w.s.c.ServletWebServerApplicationContext-Root WebApplicationContext: initialization completed in 1917 ms
2024-07-24 17:34 o.h.jpa.internal.util.LogHelper-HHH000204: Processing PersistenceUnitInfo [name: default]
2024-07-24 17:34 org.hibernate.Version-HHH000412: Hibernate ORM core version 5.6.15.Final
2024-07-24 17:34 o.h.annotations.common.Version-HCANN000001: Hibernate Commons Annotations {5.1.2.Final}
2024-07-24 17:34 com.zaxxer.hikari.HikariDataSource-HikariPool-1 - Starting...
2024-07-24 17:34 com.zaxxer.hikari.HikariDataSource-HikariPool-1 - Start completed.
2024-07-24 17:34 org.hibernate.dialect.Dialect-HHH000400: Using dialect: org.hibernate.dialect.MariaDBDialect
2024-07-24 17:34 o.h.e.t.j.p.i.JtaPlatformInitiator-HHH000490: Using JtaPlatform implementation: [org.hibernate.engine.transaction.jta.platform.internal.NoJtaPlatform]
2024-07-24 17:34 o.s.o.j.LocalContainerEntityManagerFactoryBean-Initialized JPA EntityManagerFactory for persistence unit 'default'
2024-07-24 17:34 o.s.b.a.o.j.JpaBaseConfiguration$JpaWebConfiguration-spring.jpa.open-in-view is enabled by default. Therefore, database queries may be performed during view rendering. Explicitly configure spring.jpa.open-in-view to disable this warning
2024-07-24 17:34 o.a.coyote.http11.Http11NioProtocol-Starting ProtocolHandler ["http-nio-8080"]
2024-07-24 17:34 o.s.b.w.e.tomcat.TomcatWebServer-Tomcat started on port(s): 8080 (http) with context path ''
2024-07-24 17:34 b.ordersystem.OrdersystemApplication-Started OrdersystemApplication in 4.645 seconds (JVM running for 5.163)
2024-07-24 17:35 o.s.o.j.LocalContainerEntityManagerFactoryBean-Closing JPA EntityManagerFactory for persistence unit 'default'
2024-07-24 17:35 com.zaxxer.hikari.HikariDataSource-HikariPool-1 - Shutdown initiated...
2024-07-24 17:35 com.zaxxer.hikari.HikariDataSource-HikariPool-1 - Shutdown completed.
